2023-11-26T17:31:28.499Z info: Server running on port 3333, DEV mode, 13588 process id, 2023-11-26T17:31:28.498Z
2023-11-26T17:32:31.184Z info: Server running on port 3333, DEV mode, 16644 process id, 2023-11-26T17:32:31.183Z
2023-11-26T17:33:49.880Z info: Server running on port 3333, DEV mode, 1456 process id, 2023-11-26T17:33:49.880Z
2023-11-26T17:33:55.636Z info: server ending
2023-11-26T17:34:45.140Z info: Server running on port 3333, DEV mode, 1541 process id, 2023-11-26T17:34:45.140Z
2023-11-26T17:34:56.556Z info: ::1 - ---- [26/Nov/2023:17:34:56 +0000] "GET / HTTP/1.1" 200 19 "Mozilla/5.0 (Windows NT 10.0; Win64; x64) AppleWebKit/537.36 (KHTML, like Gecko) Chrome/119.0.0.0 Safari/537.36 Edg/119.0.0.0" 10007.121 ms

2023-11-26T17:35:10.921Z info: ::1 - ---- [26/Nov/2023:17:35:10 +0000] "GET / HTTP/1.1" 304  "Mozilla/5.0 (Windows NT 10.0; Win64; x64) AppleWebKit/537.36 (KHTML, like Gecko) Chrome/119.0.0.0 Safari/537.36 Edg/119.0.0.0" 10009.935 ms

2023-11-26T17:35:19.322Z info: server ending
2023-11-26T17:35:27.922Z info: ::1 - ---- [26/Nov/2023:17:35:27 +0000] "GET / HTTP/1.1" 304  "Mozilla/5.0 (Windows NT 10.0; Win64; x64) AppleWebKit/537.36 (KHTML, like Gecko) Chrome/119.0.0.0 Safari/537.36 Edg/119.0.0.0" 10001.230 ms

2023-11-26T17:35:37.928Z info: ::1 - ---- [26/Nov/2023:17:35:37 +0000] "GET / HTTP/1.1" 304  "Mozilla/5.0 (Windows NT 10.0; Win64; x64) AppleWebKit/537.36 (KHTML, like Gecko) Chrome/119.0.0.0 Safari/537.36 Edg/119.0.0.0" 10004.877 ms

2023-11-26T17:36:08.933Z info: Server running on port 3333, DEV mode, 1646 process id, 2023-11-26T17:36:08.933Z
2023-11-26T19:27:11.984Z info: Master process 2762 is running
2023-11-26T19:27:17.793Z info: Worker 2806 started. Server is running on port 3333
2023-11-26T19:27:17.794Z info: Worker 2858 started. Server is running on port 3333
2023-11-26T19:27:17.986Z info: Worker 2817 started. Server is running on port 3333
2023-11-26T19:27:17.987Z info: Worker 2809 started. Server is running on port 3333
2023-11-26T19:27:18.216Z info: Worker 2834 started. Server is running on port 3333
2023-11-26T19:27:18.215Z info: Worker 2808 started. Server is running on port 3333
2023-11-26T19:27:18.275Z info: Worker 2890 started. Server is running on port 3333
2023-11-26T19:27:18.277Z info: Worker 2887 started. Server is running on port 3333
2023-11-26T19:27:18.621Z info: Worker 2916 started. Server is running on port 3333
2023-11-26T19:27:18.765Z info: Worker 2807 started. Server is running on port 3333
2023-11-26T19:27:18.824Z info: Worker 2836 started. Server is running on port 3333
2023-11-26T19:27:19.097Z info: Worker 2845 started. Server is running on port 3333
2023-11-26T19:27:33.154Z info: Master process 3163 is running
2023-11-26T19:27:36.028Z info: Worker 3207 started. Server is running on port 3333
2023-11-26T19:27:50.398Z info: Master process 3271 is running
2023-11-26T19:27:52.415Z info: Worker 3315 started. Server is running on port 3333
2023-11-26T19:27:52.415Z info: Worker 3314 started. Server is running on port 3333
2023-11-26T19:29:55.279Z info: Master process 3409 is running
2023-11-26T19:29:57.339Z info: Server running on port 3333, DEV mode, 3454 process id, 2023-11-26T19:29:57.338Z
2023-11-26T19:29:57.339Z info: Server running on port 3333, DEV mode, 3455 process id, 2023-11-26T19:29:57.338Z
2023-11-26T19:30:07.817Z info: Received SIGTERM. Stopping workers...
2023-11-26T19:30:07.823Z info: Worker 3454 has gracefully exited
2023-11-26T19:30:07.823Z info: Worker 3455 has gracefully exited
2023-11-26T19:31:17.715Z info: Master process 3560 is running
2023-11-26T19:31:19.710Z info: Server running on port 3333, DEV mode, 3604 process id, 2023-11-26T19:31:19.710Z
2023-11-26T19:31:19.711Z info: Server running on port 3333, DEV mode, 3605 process id, 2023-11-26T19:31:19.711Z
2023-11-26T19:31:23.372Z info: Received SIGTERM. Stopping workers...
2023-11-26T19:31:23.378Z info: Worker 3605 has gracefully exited
2023-11-26T19:31:27.707Z info: ::1 - ---- [26/Nov/2023:19:31:27 +0000] "GET / HTTP/1.1" 304  "Mozilla/5.0 (Windows NT 10.0; Win64; x64) AppleWebKit/537.36 (KHTML, like Gecko) Chrome/119.0.0.0 Safari/537.36 Edg/119.0.0.0" 5002.628 ms

2023-11-26T19:36:45.578Z info: Master process 3718 is running
2023-11-26T19:36:51.260Z info: Worker 3778 started. Server is running on port 3333
2023-11-26T19:36:51.281Z info: Worker 3764 started. Server is running on port 3333
2023-11-26T19:36:51.334Z info: Worker 3819 started. Server is running on port 3333
2023-11-26T19:36:51.334Z info: Worker 3794 started. Server is running on port 3333
2023-11-26T19:36:51.453Z info: Worker 3810 started. Server is running on port 3333
2023-11-26T19:36:51.461Z info: Worker 3784 started. Server is running on port 3333
2023-11-26T19:36:52.101Z info: Worker 3859 started. Server is running on port 3333
2023-11-26T19:36:52.577Z info: Worker 3801 started. Server is running on port 3333
2023-11-26T19:36:52.789Z info: Worker 3765 started. Server is running on port 3333
2023-11-26T19:36:52.812Z info: Worker 3763 started. Server is running on port 3333
2023-11-26T19:36:52.997Z info: Worker 3766 started. Server is running on port 3333
2023-11-26T19:36:53.331Z info: Worker 3856 started. Server is running on port 3333
2023-11-26T19:37:03.210Z info: Master process 4157 is running
2023-11-26T19:37:05.245Z info: Worker 4201 started. Server is running on port 3333
2023-11-26T19:37:05.245Z info: Worker 4202 started. Server is running on port 3333
2023-11-26T19:37:19.006Z info: Master process 4296 is running
2023-11-26T19:37:22.051Z info: Worker 4341 started. Server is running on port 3333
2023-11-26T19:37:55.954Z error: Worker 4341 died
2023-11-26T19:37:55.955Z error: Worker 4341 has died
2023-11-26T19:37:58.027Z info: Worker 4381 started. Server is running on port 3333
2023-11-26T19:37:58.027Z info: Worker 4380 started. Server is running on port 3333
2023-11-26T19:38:26.901Z error: Worker 4381 died
2023-11-26T19:38:26.902Z error: Worker 4381 has died
2023-11-26T19:38:28.956Z info: Worker 4440 started. Server is running on port 3333
2023-11-26T19:38:28.956Z info: Worker 4439 started. Server is running on port 3333
2023-11-26T19:38:35.826Z info: Received SIGTERM. Starting graceful shutdown...
2023-11-26T19:38:35.827Z info: Worker 4380 is shutting down gracefully...
2023-11-26T19:38:35.827Z info: Worker 4440 is shutting down gracefully...
2023-11-26T19:38:35.827Z info: Worker 4439 is shutting down gracefully...
2023-11-26T19:38:40.832Z info: Closing server...
2023-11-26T19:41:57.907Z info: Master process 4549 is running
2023-11-26T19:42:00.672Z info: Worker 4593 started. Server is running on port 3333
2023-11-26T19:42:06.280Z info: Received SIGTERM. Starting graceful shutdown...
2023-11-26T19:42:06.281Z info: Worker 4593 is shutting down gracefully...
2023-11-26T19:42:31.375Z info: Master process 4669 is running
2023-11-26T19:42:34.371Z info: Worker 4712 started. Server is running on port 3333
2023-11-26T19:42:37.869Z info: Received SIGTERM. Starting graceful shutdown...
2023-11-26T19:42:37.870Z info: Worker 4712 is shutting down gracefully...
2023-11-26T19:42:37.875Z error: Worker 4712 died
2023-11-26T19:42:40.892Z info: Worker 4748 started. Server is running on port 3333
2023-11-26T19:42:52.794Z info: Master process 4816 is running
2023-11-26T19:42:56.022Z info: Worker 4845 started. Server is running on port 3333
2023-11-26T19:42:57.440Z info: Received SIGTERM. Starting graceful shutdown...
2023-11-26T19:42:57.441Z info: Worker 4845 is shutting down gracefully...
2023-11-26T19:44:06.021Z info: Master process 4939 is running
2023-11-26T19:44:09.262Z info: Worker 4969 started. Server is running on port 3333
